
Showing logs for build [32mjstrachan-godemo30-master-2c942-1[0m stage [32mfrom-build-pack[0m and container [32mstep-credential-initializer-8zj29[0m
{"level":"warn","ts":1584552468.2844744,"logger":"fallback-logger","caller":"logging/config.go:69","msg":"Fetch GitHub commit ID from kodata failed: \"ref: refs/heads/0.8.0-**-support-backwards-incompats\" is not a valid GitHub commit ID"}
{"level":"info","ts":1584552468.2851467,"logger":"fallback-logger","caller":"creds-init/main.go:40","msg":"Credentials initialized."}

Showing logs for build [32mjstrachan-godemo30-master-2c942-1[0m stage [32mfrom-build-pack[0m and container [32mstep-working-dir-initializer-v54l9[0m
{"level":"warn","ts":1584552469.2476568,"logger":"fallback-logger","caller":"logging/config.go:69","msg":"Fetch GitHub commit ID from kodata failed: open /var/run/ko/HEAD: no such file or directory"}
{"level":"info","ts":1584552469.2493548,"logger":"fallback-logger","caller":"bash/main.go:64","msg":"Successfully executed command \"sh -c mkdir -p /workspace/source\"; output "}

Showing logs for build [32mjstrachan-godemo30-master-2c942-1[0m stage [32mfrom-build-pack[0m and container [32mstep-place-tools[0m

Showing logs for build [32mjstrachan-godemo30-master-2c942-1[0m stage [32mfrom-build-pack[0m and container [32mstep-git-source-jstrachan-godemo30-master-2c942-7fr2c[0m
{"level":"warn","ts":1584552544.3412378,"logger":"fallback-logger","caller":"logging/config.go:69","msg":"Fetch GitHub commit ID from kodata failed: \"ref: refs/heads/0.8.0-**-support-backwards-incompats\" is not a valid GitHub commit ID"}
{"level":"info","ts":1584552545.4041111,"logger":"fallback-logger","caller":"git/git.go:103","msg":"Successfully cloned https://github.com/*********/godemo30.git @ v0.0.1 in path /workspace/source"}

Showing logs for build [32mjstrachan-godemo30-master-2c942-1[0m stage [32mfrom-build-pack[0m and container [32mstep-git-merge[0m
Using SHAs from PULL_REFS=master:
WARNING: no SHAs to merge, falling back to initial cloned commit

Showing logs for build [32mjstrachan-godemo30-master-2c942-1[0m stage [32mfrom-build-pack[0m and container [32mstep-setup-jx-git-credentials[0m
Cloning the Jenkins X versions repo https://github.com/jenkins-x-labs/jenkins-x-versions.git with ref refs/heads/master to /builder/home/.**/jenkins-x-versions
Generated Git credentials file /workspace/xdg_config/git/credentials

Showing logs for build [32mjstrachan-godemo30-master-2c942-1[0m stage [32mfrom-build-pack[0m and container [32mstep-build-make-build[0m
CGO_ENABLED=0 GO15VENDOREXPERIMENT=1 go build -ldflags '' -o bin/godemo30 main.go

Showing logs for build [32mjstrachan-godemo30-master-2c942-1[0m stage [32mfrom-build-pack[0m and container [32mstep-build-container-build[0m
ERROR: logging before flag.Parse: E0318 17:29:17.603633      11 metadata.go:241] Failed to unmarshal scopes: invalid character 'h' looking for beginning of value
[36mINFO[0m[0001] No base image, nothing to extract            
[36mINFO[0m[0001] cmd: EXPOSE                                  
[36mINFO[0m[0001] Adding exposed port: 8080/tcp                
[36mINFO[0m[0001] Using files from context: [/workspace/source/bin] 
[36mINFO[0m[0001] Skipping unpacking as no commands require it. 
[36mINFO[0m[0001] Taking snapshot of full filesystem...        
[36mINFO[0m[0002] EXPOSE 8080                                  
[36mINFO[0m[0002] cmd: EXPOSE                                  
[36mINFO[0m[0002] Adding exposed port: 8080/tcp                
[36mINFO[0m[0002] No files changed in this command, skipping snapshotting. 
[36mINFO[0m[0002] ENTRYPOINT ["/godemo30"]                     
[36mINFO[0m[0002] No files changed in this command, skipping snapshotting. 
[36mINFO[0m[0002] Using files from context: [/workspace/source/bin] 
[36mINFO[0m[0002] COPY ./bin/ /                                
[36mINFO[0m[0002] Taking snapshot of files...                  
2020/03/18 17:29:21 pushed blob: sha256:b95e5c62ca32d5340094d91a4df27f4f3fccd8336cc55adda35d131b91eeb090
2020/03/18 17:29:22 pushed blob: sha256:79d5cb5f4a3cbd82c8c330c549dde8565defe14f068f8e0136812d937598f49c
2020/03/18 17:29:23 gcr.io/*********-multicluster/godemo30:0.0.1: digest: sha256:a081ee3b5aed945badb4c2e234f0edd53f955164279f9dcc81d1863fbc19d956 size: 428

Showing logs for build [32mjstrachan-godemo30-master-2c942-1[0m stage [32mfrom-build-pack[0m and container [32mstep-build-post-build[0m
no CVE provider running in the current ** namespace so skip adding image to be analysed

Showing logs for build [32mjstrachan-godemo30-master-2c942-1[0m stage [32mfrom-build-pack[0m and container [32mstep-promote-changelog[0m
Converted /workspace/source/charts/godemo30 to an unshallow repository
Generating change log from git ref 40bdb36a0296b24a4f3234e7ce33d6a2e52eb5ed => b20cdd8427eca536aab9f95c2d438349e6775742
WARNING: Failed to enrich commit 5395a745c8cc09bb04008b29b0dee2ec3d67c35c with issues: users.jenkins.io "x-0" already exists
WARNING: Failed to enrich commit 5395a745c8cc09bb04008b29b0dee2ec3d67c35c with issues: users.jenkins.io "x-0" already exists
Finding issues in commit messages using git format
WARNING: No release found for *********/godemo30 and tag v0.0.1 so creating a new release
Updated the release information at https://github.com/*********/godemo30/releases/tag/v0.0.1
generated: /workspace/source/charts/godemo30/templates/release.yaml
Created Release godemo30-0-0-1 resource in namespace **
Updating PipelineActivity *********-godemo30-master-1 with version 0.0.1
Updated PipelineActivities *********-godemo30-master-1 with release notes URL: https://github.com/*********/godemo30/releases/tag/v0.0.1

Showing logs for build [32mjstrachan-godemo30-master-2c942-1[0m stage [32mfrom-build-pack[0m and container [32mstep-promote-helm-release[0m
Adding missing Helm repo: storage.googleapis.com https://storage.googleapis.com/chartmuseum.jenkins-x.io
Successfully added Helm repository storage.googleapis.com.
Adding missing Helm repo: bucketrepo http://bucketrepo/bucketrepo/charts/
Successfully added Helm repository bucketrepo.
Uploading chart file godemo30-0.0.1.tgz to http://bucketrepo/bucketrepo/charts/api/charts
Received 200 response: 

Showing logs for build [32mjstrachan-godemo30-master-2c942-1[0m stage [32mfrom-build-pack[0m and container [32mstep-promote-jx-promote[0m
WARNING: prow based install so skip waiting for the merge of Pull Requests to go green as currently there is an issue with gettingstatuses from the PR, see https://github.com/jenkins-x/**/issues/2410
WARNING: No $CHART_REPOSITORY defined so using the default value of: http://jenkins-x-chartmuseum:8080
Promoting app godemo30 version 0.0.1 to namespace **-staging
WARNING: 
Created Pull Request: https://github.com/*********/environment-bucketrepo-staging/pull/21
Added label updatebot to Pull Request https://github.com/*********/environment-bucketrepo-staging/pull/21
WARNING: Failed to query the Pull Request last commit status for https://github.com/*********/environment-bucketrepo-staging/pull/21 ref df77a9463c4f4783869bfe8424c7322591e2c369 Could not find a status for repository *********/environment-bucketrepo-staging with ref df77a9463c4f4783869bfe8424c7322591e2c369
WARNING: Failed to query the Pull Request last commit status for https://github.com/*********/environment-bucketrepo-staging/pull/21 ref df77a9463c4f4783869bfe8424c7322591e2c369 Could not find a status for repository *********/environment-bucketrepo-staging with ref df77a9463c4f4783869bfe8424c7322591e2c369
WARNING: Failed to query the Pull Request last commit status for https://github.com/*********/environment-bucketrepo-staging/pull/21 ref df77a9463c4f4783869bfe8424c7322591e2c369 Could not find a status for repository *********/environment-bucketrepo-staging with ref df77a9463c4f4783869bfe8424c7322591e2c369
WARNING: Failed to query the Pull Request last commit status for https://github.com/*********/environment-bucketrepo-staging/pull/21 ref df77a9463c4f4783869bfe8424c7322591e2c369 Could not find a status for repository *********/environment-bucketrepo-staging with ref df77a9463c4f4783869bfe8424c7322591e2c369
WARNING: Failed to query the Pull Request last commit status for https://github.com/*********/environment-bucketrepo-staging/pull/21 ref df77a9463c4f4783869bfe8424c7322591e2c369 Could not find a status for repository *********/environment-bucketrepo-staging with ref df77a9463c4f4783869bfe8424c7322591e2c369
WARNING: Failed to query the Pull Request last commit status for https://github.com/*********/environment-bucketrepo-staging/pull/21 ref df77a9463c4f4783869bfe8424c7322591e2c369 Could not find a status for repository *********/environment-bucketrepo-staging with ref df77a9463c4f4783869bfe8424c7322591e2c369
WARNING: Failed to query the Pull Request last commit status for https://github.com/*********/environment-bucketrepo-staging/pull/21 ref df77a9463c4f4783869bfe8424c7322591e2c369 Could not find a status for repository *********/environment-bucketrepo-staging with ref df77a9463c4f4783869bfe8424c7322591e2c369
WARNING: Failed to query the Pull Request last commit status for https://github.com/*********/environment-bucketrepo-staging/pull/21 ref df77a9463c4f4783869bfe8424c7322591e2c369 Could not find a status for repository *********/environment-bucketrepo-staging with ref df77a9463c4f4783869bfe8424c7322591e2c369
WARNING: Failed to query the Pull Request last commit status for https://github.com/*********/environment-bucketrepo-staging/pull/21 ref df77a9463c4f4783869bfe8424c7322591e2c369 Could not find a status for repository *********/environment-bucketrepo-staging with ref df77a9463c4f4783869bfe8424c7322591e2c369
WARNING: Failed to query the Pull Request last commit status for https://github.com/*********/environment-bucketrepo-staging/pull/21 ref df77a9463c4f4783869bfe8424c7322591e2c369 Could not find a status for repository *********/environment-bucketrepo-staging with ref df77a9463c4f4783869bfe8424c7322591e2c369
WARNING: Failed to query the Pull Request last commit status for https://github.com/*********/environment-bucketrepo-staging/pull/21 ref df77a9463c4f4783869bfe8424c7322591e2c369 Could not find a status for repository *********/environment-bucketrepo-staging with ref df77a9463c4f4783869bfe8424c7322591e2c369
WARNING: Failed to query the Pull Request last commit status for https://github.com/*********/environment-bucketrepo-staging/pull/21 ref df77a9463c4f4783869bfe8424c7322591e2c369 Could not find a status for repository *********/environment-bucketrepo-staging with ref df77a9463c4f4783869bfe8424c7322591e2c369
WARNING: Failed to query the Pull Request last commit status for https://github.com/*********/environment-bucketrepo-staging/pull/21 ref df77a9463c4f4783869bfe8424c7322591e2c369 Could not find a status for repository *********/environment-bucketrepo-staging with ref df77a9463c4f4783869bfe8424c7322591e2c369
WARNING: Failed to query the Pull Request last commit status for https://github.com/*********/environment-bucketrepo-staging/pull/21 ref df77a9463c4f4783869bfe8424c7322591e2c369 Could not find a status for repository *********/environment-bucketrepo-staging with ref df77a9463c4f4783869bfe8424c7322591e2c369
WARNING: Failed to query the Pull Request last commit status for https://github.com/*********/environment-bucketrepo-staging/pull/21 ref df77a9463c4f4783869bfe8424c7322591e2c369 Could not find a status for repository *********/environment-bucketrepo-staging with ref df77a9463c4f4783869bfe8424c7322591e2c369
WARNING: Failed to query the Pull Request last commit status for https://github.com/*********/environment-bucketrepo-staging/pull/21 ref df77a9463c4f4783869bfe8424c7322591e2c369 Could not find a status for repository *********/environment-bucketrepo-staging with ref df77a9463c4f4783869bfe8424c7322591e2c369
WARNING: Failed to query the Pull Request last commit status for https://github.com/*********/environment-bucketrepo-staging/pull/21 ref df77a9463c4f4783869bfe8424c7322591e2c369 Could not find a status for repository *********/environment-bucketrepo-staging with ref df77a9463c4f4783869bfe8424c7322591e2c369
WARNING: Failed to query the Pull Request last commit status for https://github.com/*********/environment-bucketrepo-staging/pull/21 ref df77a9463c4f4783869bfe8424c7322591e2c369 Could not find a status for repository *********/environment-bucketrepo-staging with ref df77a9463c4f4783869bfe8424c7322591e2c369
WARNING: Failed to query the Pull Request last commit status for https://github.com/*********/environment-bucketrepo-staging/pull/21 ref df77a9463c4f4783869bfe8424c7322591e2c369 Could not find a status for repository *********/environment-bucketrepo-staging with ref df77a9463c4f4783869bfe8424c7322591e2c369
WARNING: Failed to query the Pull Request last commit status for https://github.com/*********/environment-bucketrepo-staging/pull/21 ref df77a9463c4f4783869bfe8424c7322591e2c369 Could not find a status for repository *********/environment-bucketrepo-staging with ref df77a9463c4f4783869bfe8424c7322591e2c369
WARNING: Failed to query the Pull Request last commit status for https://github.com/*********/environment-bucketrepo-staging/pull/21 ref df77a9463c4f4783869bfe8424c7322591e2c369 Could not find a status for repository *********/environment-bucketrepo-staging with ref df77a9463c4f4783869bfe8424c7322591e2c369
WARNING: Failed to query the Pull Request last commit status for https://github.com/*********/environment-bucketrepo-staging/pull/21 ref df77a9463c4f4783869bfe8424c7322591e2c369 Could not find a status for repository *********/environment-bucketrepo-staging with ref df77a9463c4f4783869bfe8424c7322591e2c369
WARNING: Failed to query the Pull Request last commit status for https://github.com/*********/environment-bucketrepo-staging/pull/21 ref df77a9463c4f4783869bfe8424c7322591e2c369 Could not find a status for repository *********/environment-bucketrepo-staging with ref df77a9463c4f4783869bfe8424c7322591e2c369
WARNING: Failed to query the Pull Request last commit status for https://github.com/*********/environment-bucketrepo-staging/pull/21 ref df77a9463c4f4783869bfe8424c7322591e2c369 Could not find a status for repository *********/environment-bucketrepo-staging with ref df77a9463c4f4783869bfe8424c7322591e2c369
WARNING: Failed to query the Pull Request last commit status for https://github.com/*********/environment-bucketrepo-staging/pull/21 ref df77a9463c4f4783869bfe8424c7322591e2c369 Could not find a status for repository *********/environment-bucketrepo-staging with ref df77a9463c4f4783869bfe8424c7322591e2c369
WARNING: Failed to query the Pull Request last commit status for https://github.com/*********/environment-bucketrepo-staging/pull/21 ref df77a9463c4f4783869bfe8424c7322591e2c369 Could not find a status for repository *********/environment-bucketrepo-staging with ref df77a9463c4f4783869bfe8424c7322591e2c369
WARNING: Failed to query the Pull Request last commit status for https://github.com/*********/environment-bucketrepo-staging/pull/21 ref df77a9463c4f4783869bfe8424c7322591e2c369 Could not find a status for repository *********/environment-bucketrepo-staging with ref df77a9463c4f4783869bfe8424c7322591e2c369
WARNING: Failed to query the Pull Request last commit status for https://github.com/*********/environment-bucketrepo-staging/pull/21 ref df77a9463c4f4783869bfe8424c7322591e2c369 Could not find a status for repository *********/environment-bucketrepo-staging with ref df77a9463c4f4783869bfe8424c7322591e2c369
WARNING: Failed to query the Pull Request last commit status for https://github.com/*********/environment-bucketrepo-staging/pull/21 ref df77a9463c4f4783869bfe8424c7322591e2c369 Could not find a status for repository *********/environment-bucketrepo-staging with ref df77a9463c4f4783869bfe8424c7322591e2c369
WARNING: Failed to query the Pull Request last commit status for https://github.com/*********/environment-bucketrepo-staging/pull/21 ref df77a9463c4f4783869bfe8424c7322591e2c369 Could not find a status for repository *********/environment-bucketrepo-staging with ref df77a9463c4f4783869bfe8424c7322591e2c369
Pull Request https://github.com/*********/environment-bucketrepo-staging/pull/21 is merged at sha b5bc328d367d3029615f76e400553d82afe34f41
Pull Request merged but we are not waiting for the update pipeline to complete!
WARNING: Could not find the service URL in namespace **-staging for names godemo30, **-godemo30, **-staging-godemo30
