
Showing logs for build [32mjstrachan-godemo30-master-vk54c-8[0m stage [32mfrom-build-pack[0m and container [32mstep-credential-initializer-5bt6m[0m
{"level":"warn","ts":1584628636.1551917,"logger":"fallback-logger","caller":"logging/config.go:69","msg":"Fetch GitHub commit ID from kodata failed: \"ref: refs/heads/0.8.0-**-support-backwards-incompats\" is not a valid GitHub commit ID"}
{"level":"info","ts":1584628636.1558409,"logger":"fallback-logger","caller":"creds-init/main.go:40","msg":"Credentials initialized."}

Showing logs for build [32mjstrachan-godemo30-master-vk54c-8[0m stage [32mfrom-build-pack[0m and container [32mstep-working-dir-initializer-mj8b9[0m
{"level":"warn","ts":1584628636.6279454,"logger":"fallback-logger","caller":"logging/config.go:69","msg":"Fetch GitHub commit ID from kodata failed: open /var/run/ko/HEAD: no such file or directory"}
{"level":"info","ts":1584628636.6293135,"logger":"fallback-logger","caller":"bash/main.go:64","msg":"Successfully executed command \"sh -c mkdir -p /workspace/source\"; output "}

Showing logs for build [32mjstrachan-godemo30-master-vk54c-8[0m stage [32mfrom-build-pack[0m and container [32mstep-place-tools[0m

Showing logs for build [32mjstrachan-godemo30-master-vk54c-8[0m stage [32mfrom-build-pack[0m and container [32mstep-git-source-jstrachan-godemo30-master-vk54c-lvxsw[0m
{"level":"warn","ts":1584628642.714881,"logger":"fallback-logger","caller":"logging/config.go:69","msg":"Fetch GitHub commit ID from kodata failed: \"ref: refs/heads/0.8.0-**-support-backwards-incompats\" is not a valid GitHub commit ID"}
{"level":"info","ts":1584628643.7694778,"logger":"fallback-logger","caller":"git/git.go:103","msg":"Successfully cloned https://github.com/*********/godemo30.git @ v0.0.8 in path /workspace/source"}

Showing logs for build [32mjstrachan-godemo30-master-vk54c-8[0m stage [32mfrom-build-pack[0m and container [32mstep-git-merge[0m
Using SHAs from PULL_REFS=master:1734fd1d9f40a83b28342b1595f7930e6d7e6a79
WARNING: no SHAs to merge, falling back to initial cloned commit

Showing logs for build [32mjstrachan-godemo30-master-vk54c-8[0m stage [32mfrom-build-pack[0m and container [32mstep-setup-jx-git-credentials[0m
Generated Git credentials file /workspace/xdg_config/git/credentials

Showing logs for build [32mjstrachan-godemo30-master-vk54c-8[0m stage [32mfrom-build-pack[0m and container [32mstep-build-make-build[0m
CGO_ENABLED=0 GO15VENDOREXPERIMENT=1 go build -ldflags '' -o bin/godemo30 main.go

Showing logs for build [32mjstrachan-godemo30-master-vk54c-8[0m stage [32mfrom-build-pack[0m and container [32mstep-build-container-build[0m
ERROR: logging before flag.Parse: E0319 14:37:36.276875      11 metadata.go:241] Failed to unmarshal scopes: invalid character 'h' looking for beginning of value
[36mINFO[0m[0000] No base image, nothing to extract            
[36mINFO[0m[0000] cmd: EXPOSE                                  
[36mINFO[0m[0000] Adding exposed port: 8080/tcp                
[36mINFO[0m[0000] Using files from context: [/workspace/source/bin] 
[36mINFO[0m[0000] Skipping unpacking as no commands require it. 
[36mINFO[0m[0000] Taking snapshot of full filesystem...        
[36mINFO[0m[0000] EXPOSE 8080                                  
[36mINFO[0m[0000] cmd: EXPOSE                                  
[36mINFO[0m[0000] Adding exposed port: 8080/tcp                
[36mINFO[0m[0000] No files changed in this command, skipping snapshotting. 
[36mINFO[0m[0000] ENTRYPOINT ["/godemo30"]                     
[36mINFO[0m[0000] No files changed in this command, skipping snapshotting. 
[36mINFO[0m[0000] Using files from context: [/workspace/source/bin] 
[36mINFO[0m[0000] COPY ./bin/ /                                
[36mINFO[0m[0000] Taking snapshot of files...                  
2020/03/19 14:37:40 pushed blob: sha256:52a200216738a69230879a1de88b3ef8f7528e9db04b8dc225a010330c122d7d
2020/03/19 14:37:40 pushed blob: sha256:a27046c04a438fc77f6e44b279cb70e9c92056d7a93eaff81078ea5d8942b3c0
2020/03/19 14:37:42 gcr.io/*********-multicluster/godemo30:0.0.8: digest: sha256:87f659730112ca6383e60d5dffc8d115a4d03415cdc26206ccd4a3c8b9b72d1f size: 428

Showing logs for build [32mjstrachan-godemo30-master-vk54c-8[0m stage [32mfrom-build-pack[0m and container [32mstep-build-post-build[0m
no CVE provider running in the current ** namespace so skip adding image to be analysed

Showing logs for build [32mjstrachan-godemo30-master-vk54c-8[0m stage [32mfrom-build-pack[0m and container [32mstep-promote-changelog[0m
Converted /workspace/source/charts/godemo30 to an unshallow repository
Generating change log from git ref 3c7c3f50e95dcf0a75001cb1187e2b8d46abef8e => 075cb0d5cd339fda81ae51d6fb8e875d3707d11e
WARNING: Failed to enrich commit 1734fd1d9f40a83b28342b1595f7930e6d7e6a79 with issues: users.jenkins.io "x-0" already exists
WARNING: Failed to enrich commit 1734fd1d9f40a83b28342b1595f7930e6d7e6a79 with issues: users.jenkins.io "x-0" already exists
Finding issues in commit messages using git format
WARNING: No release found for *********/godemo30 and tag v0.0.8 so creating a new release
Updated the release information at https://github.com/*********/godemo30/releases/tag/v0.0.8
generated: /workspace/source/charts/godemo30/templates/release.yaml
Created Release godemo30-0-0-8 resource in namespace **
Updating PipelineActivity *********-godemo30-master-8 with version 0.0.8
Updated PipelineActivities *********-godemo30-master-8 with release notes URL: https://github.com/*********/godemo30/releases/tag/v0.0.8

Showing logs for build [32mjstrachan-godemo30-master-vk54c-8[0m stage [32mfrom-build-pack[0m and container [32mstep-promote-helm-release[0m
Adding missing Helm repo: storage.googleapis.com https://storage.googleapis.com/chartmuseum.jenkins-x.io
Successfully added Helm repository storage.googleapis.com.
Adding missing Helm repo: bucketrepo http://bucketrepo/bucketrepo/charts/
Successfully added Helm repository bucketrepo.
Uploading chart file godemo30-0.0.8.tgz to http://bucketrepo/bucketrepo/charts/api/charts
Received 200 response: 

Showing logs for build [32mjstrachan-godemo30-master-vk54c-8[0m stage [32mfrom-build-pack[0m and container [32mstep-promote-jx-promote[0m
WARNING: prow based install so skip waiting for the merge of Pull Requests to go green as currently there is an issue with gettingstatuses from the PR, see https://github.com/jenkins-x/**/issues/2410
WARNING: No $CHART_REPOSITORY defined so using the default value of: http://jenkins-x-chartmuseum:8080
Promoting app godemo30 version 0.0.8 to namespace **-staging
WARNING: 
Created Pull Request: https://github.com/*********/environment-bucketrepo-staging/pull/25
Added label updatebot to Pull Request https://github.com/*********/environment-bucketrepo-staging/pull/25
got git provider status pending from PR https://github.com/*********/environment-bucketrepo-staging/pull/25
got git provider status pending from PR https://github.com/*********/environment-bucketrepo-staging/pull/25
got git provider status pending from PR https://github.com/*********/environment-bucketrepo-staging/pull/25
Pull Request https://github.com/*********/environment-bucketrepo-staging/pull/25 is merged at sha 24679ae2aa4912bc746a4d152a04fc6ee0992669
Pull Request merged but we are not waiting for the update pipeline to complete!
